<?xml version="1.0"?>
<story xmlns:aid="http://ns.adobe.com/AdobeInDesign/4.0/" xmlns:aid5="http://ns.adobe.com/AdobeInDesign/5.0/" name="DNA profiles public"><block level="1" title="Summary"><h1 aid:pstyle="h1">Summary</h1>
<p aid:pstyle="p">A method is described for the creation and use of DNA profiles for a collection of data objects and for the users who make use of the system. The system can be a website or a collection of websites, for instance a web shop or a website with a museum collection. A DNA profile consist of a number of unique identifiers called stamps. A stamp originates from a specific collection item. By comparing DNA profiles a match score can be obtained for the number of corresponding stamps.</p>
<p aid:pstyle="p">En hier nieuwe content met een grote afbeelding die alles weer in de war gooit.</p>
<figure aid:pstyle="figure"><img href="file:///images/DNAklik_home.png" class="img-responsive"/>
<figcaption aid:pstyle="figcaption">De website van DNAklik</figcaption></figure></block><block level="1" title="Preface">
<h1 aid:pstyle="h1">Preface</h1>
<p aid:pstyle="p">Websites with large collections of data objects face the problem of making all the objects accessible to the visitors. One way of overcoming this problem is the use of a tag or index system. The disadvantage of these methods are:</p><ul> 
<li xmlns:aid="http://ns.adobe.com/AdobeInDesign/4.0/" xmlns:aid5="http://ns.adobe.com/AdobeInDesign/5.0/" aid:pstyle="li">Editors have to provide tags or index properties to all the data objects</li> 
<li xmlns:aid="http://ns.adobe.com/AdobeInDesign/4.0/" xmlns:aid5="http://ns.adobe.com/AdobeInDesign/5.0/" aid:pstyle="li">The chosen index system can be different from what visitors desire.</li> 
<li xmlns:aid="http://ns.adobe.com/AdobeInDesign/4.0/" xmlns:aid5="http://ns.adobe.com/AdobeInDesign/5.0/" aid:pstyle="li">Usually inconsistencies arise in giving tags or index properties to the data objects</li></ul>
<p aid:pstyle="p">To overcome these problems a method has been developed for creating DNA profiles for each data object and for each user who visits the website. With this method you can:</p><ul> 
<li xmlns:aid="http://ns.adobe.com/AdobeInDesign/4.0/" xmlns:aid5="http://ns.adobe.com/AdobeInDesign/5.0/" aid:pstyle="li">Find similar data objects by comparing DNA profiles between objects</li> 
<li xmlns:aid="http://ns.adobe.com/AdobeInDesign/4.0/" xmlns:aid5="http://ns.adobe.com/AdobeInDesign/5.0/" aid:pstyle="li">Find users with common interest by comparing DNA profiles between users.</li> 
<li xmlns:aid="http://ns.adobe.com/AdobeInDesign/4.0/" xmlns:aid5="http://ns.adobe.com/AdobeInDesign/5.0/" aid:pstyle="li">Find data objects that might be interesting for a certain user.</li></ul>
<p aid:pstyle="p">This method can be used instead of a tag or index system but can also be combined with a tag or index system. It can even be used as a tool for the creation of an index or tag system. It can also be used as a personalization method.</p>
<figure aid:pstyle="figure"><img href="file:///images/color-navigation.png" alt="Color navigation" width="310"/>
<figcaption aid:pstyle="figcaption">Color navigation in a coordinate system</figcaption></figure>
<p aid:pstyle="p">The method consist of two components. The first component is the DNA exchange method. The second component is match program.</p>
<figure aid:pstyle="figure"><img href="file:///images/cart_part1.png" class="img-responsive"/>
<figcaption aid:pstyle="figcaption">Voorbeeld van een outline image</figcaption></figure></block><block level="1" title="Results">
<h1 aid:pstyle="h1">Results</h1>
<p aid:pstyle="p">I have tested this method with a system that contained 4096 colors. The colors were presented in a two dimensional coordinate system. Users where given the task to find a specific color. Each time the user selected a color new colors where presented to the user. The results demonstrates the power of this system. Not only matches between the same colors arose but similar colors like orange and red showed a higher match then for instance red with blue. This prototype program is attached in the folder of color_prototype.</p>
<p aid:pstyle="p"><fig type="inline" aid:cstyle="fig"><img href="file:///images/match-user-user-red.png" alt="Match user with other users" width="310"/>
<figcaption aid:pstyle="figcaption">Match user with other users</figcaption></fig><fig type="inline" aid:cstyle="fig"><img href="file:///images/color-navigation.png" alt="Color navigation" width="310"/>
<figcaption aid:pstyle="figcaption">Color navigation in a coordinate system</figcaption></fig></p>
<p aid:pstyle="p"><fig type="inline" aid:cstyle="fig"><img href="file:///images/match-item-item-green.png" alt="matvh color with color" width="310"/>
<figcaption aid:pstyle="figcaption">Match color item with other color items</figcaption></fig><fig type="inline" aid:cstyle="fig"><img href="file:///images/match-user-items-red.png" alt="atch user with colors" width="310"/>
<figcaption aid:pstyle="figcaption">Match user with color items</figcaption></fig></p>
<p aid:pstyle="p">I also tested this method with a combination of three combined museum collections. The DNA exchange was implemented on the websites delftsaardewerk.nl and on aziatischekeramiek.nl. Cookies were stored with DNA profiles for users that didn't login. Later on a suggestion system was tested using a combined profile of the user and the selected data object. The suggestions contained a lot similar data objects as the ones previous selected. The program with the results are added in the folder museum_collection.</p>
<p aid:pstyle="p"><fig type="inline" aid:cstyle="fig"><img href="file:///images/dna-mondriaan-bloeiende-boom.png" width="310"/>
<figcaption aid:pstyle="figcaption">Match DNA profile with a painting</figcaption></fig><fig type="inline" aid:cstyle="fig"><img href="file:///images/dna-plastiek-koe.png" width="310"/>
<figcaption aid:pstyle="figcaption">Match DNA profile with a cow</figcaption></fig></p></block><block level="1" title="Conclusions">
<h1 aid:pstyle="h1">Conclusions</h1>
<p aid:pstyle="p">The method presented here could be used to personalize a website. It is a great way to explore a website with a large collection of items. The advantage over the methods that are typically used now are:</p><ul> 
<li xmlns:aid="http://ns.adobe.com/AdobeInDesign/4.0/" xmlns:aid5="http://ns.adobe.com/AdobeInDesign/5.0/" aid:pstyle="li">Less data is needed to make valuable suggestions</li> 
<li xmlns:aid="http://ns.adobe.com/AdobeInDesign/4.0/" xmlns:aid5="http://ns.adobe.com/AdobeInDesign/5.0/" aid:pstyle="li">The DNA profiles are AVG compliant because no specific data is collected for the user</li> 
<li xmlns:aid="http://ns.adobe.com/AdobeInDesign/4.0/" xmlns:aid5="http://ns.adobe.com/AdobeInDesign/5.0/" aid:pstyle="li">No systematic criteria is used, the navigation criteria are defined by the website visitors</li> 
<li xmlns:aid="http://ns.adobe.com/AdobeInDesign/4.0/" xmlns:aid5="http://ns.adobe.com/AdobeInDesign/5.0/" aid:pstyle="li">it is a dynamic system, so suggestions change in time</li></ul>
<h4 aid:pstyle="h4">Contact</h4>
<p aid:pstyle="p"><img-left type="inline" aid:cstyle="img-left"><img href="file:///images/avatar.png" width="100" height="100"/></img-left>This method is developed by Walter Mulder from DNAklik. It is tested as a prototype for automatic ordering of colors and for the expert sites from Gemeente Museum Den Haag. For Gemeente Museum Den Haag DNA profiles where generated during a period of half a year. Using this data a navigation method could be made combining the collections of aziatischekeramiek.nl, delftsaardewerk.nl en mondriaan.nl. The navigation method gives suggestions of interesting information based on the content selected by a user.</p></block></story>
